==3086487== Memcheck, a memory error detector
==3086487== Copyright (C) 2002-2017, and GNU GPL'd, by Julian Seward et al.
==3086487== Using Valgrind-3.15.0 and LibVEX; rerun with -h for copyright info
==3086487== Command: ./usort -m 32
==3086487== 
==3087564== 
==3087564== HEAP SUMMARY:
==3087564==     in use at exit: 0 bytes in 0 blocks
==3087564==   total heap usage: 8 allocs, 8 frees, 13,888 bytes allocated
==3087564== 
==3087564== All heap blocks were freed -- no leaks are possible
==3087564== 
==3087564== For lists of detected and suppressed errors, rerun with: -s
==3087564== ERROR SUMMARY: 0 errors from 0 contexts (suppressed: 0 from 0)
==3086487== 
==3086487== HEAP SUMMARY:
==3086487==     in use at exit: 0 bytes in 0 blocks
==3086487==   total heap usage: 8 allocs, 8 frees, 13,888 bytes allocated
==3086487== 
==3086487== All heap blocks were freed -- no leaks are possible
==3086487== 
==3086487== For lists of detected and suppressed errors, rerun with: -s
==3086487== ERROR SUMMARY: 0 errors from 0 contexts (suppressed: 0 from 0)
==3087686== Memcheck, a memory error detector
==3087686== Copyright (C) 2002-2017, and GNU GPL'd, by Julian Seward et al.
==3087686== Using Valgrind-3.15.0 and LibVEX; rerun with -h for copyright info
==3087686== Command: ./psort -m 32
==3087686== 
==3087686== Invalid write of size 4
==3087686==    at 0x10944F: multiProcessMergeSort (psort.c:56)
==3087686==    by 0x109EE0: main (in /afs/cats.ucsc.edu/users/x/ayegian/CSE130/Assignment1/psort)
==3087686==  Address 0xffffffffffffffff is not stack'd, malloc'd or (recently) free'd
==3087686== 
==3087686== 
==3087686== Process terminating with default action of signal 11 (SIGSEGV)
==3087686==  Access not within mapped region at address 0xFFFFFFFFFFFFFFFF
==3087686==    at 0x10944F: multiProcessMergeSort (psort.c:56)
==3087686==    by 0x109EE0: main (in /afs/cats.ucsc.edu/users/x/ayegian/CSE130/Assignment1/psort)
==3087686==  If you believe this happened as a result of a stack
==3087686==  overflow in your program's main thread (unlikely but
==3087686==  possible), you can try to increase the size of the
==3087686==  main thread stack using the --main-stacksize= flag.
==3087686==  The main thread stack size used in this run was 8388608.
==3087686== 
==3087686== HEAP SUMMARY:
==3087686==     in use at exit: 0 bytes in 0 blocks
==3087686==   total heap usage: 9 allocs, 9 frees, 14,360 bytes allocated
==3087686== 
==3087686== All heap blocks were freed -- no leaks are possible
==3087686== 
==3087686== For lists of detected and suppressed errors, rerun with: -s
==3087686== ERROR SUMMARY: 1 errors from 1 contexts (suppressed: 0 from 0)
