==2166563== Memcheck, a memory error detector
==2166563== Copyright (C) 2002-2017, and GNU GPL'd, by Julian Seward et al.
==2166563== Using Valgrind-3.15.0 and LibVEX; rerun with -h for copyright info
==2166563== Command: ./scheduler -t 4 -v --fcfs
==2166563== 
==2166563== 
==2166563== HEAP SUMMARY:
==2166563==     in use at exit: 1,560 bytes in 59 blocks
==2166563==   total heap usage: 195 allocs, 136 frees, 20,086 bytes allocated
==2166563== 
==2166563== 16 bytes in 1 blocks are still reachable in loss record 1 of 16
==2166563==    at 0x483DD99: calloc (in /usr/lib/x86_64-linux-gnu/valgrind/vgpreload_memcheck-amd64-linux.so)
==2166563==    by 0x10CD94: create_job_scheduler (job_scheduler.c:92)
==2166563==    by 0x10B23C: start (start.c:44)
==2166563==    by 0x10AD02: main (main.c:68)
==2166563== 
==2166563== 16 bytes in 1 blocks are still reachable in loss record 2 of 16
==2166563==    at 0x483B7F3: malloc (in /usr/lib/x86_64-linux-gnu/valgrind/vgpreload_memcheck-amd64-linux.so)
==2166563==    by 0x109F0A: _create (harness.c:49)
==2166563==    by 0x10A0D3: h_set_processes (harness.c:99)
==2166563==    by 0x10B293: start (start.c:50)
==2166563==    by 0x10AD02: main (main.c:68)
==2166563== 
==2166563== 16 bytes in 1 blocks are still reachable in loss record 3 of 16
==2166563==    at 0x483B7F3: malloc (in /usr/lib/x86_64-linux-gnu/valgrind/vgpreload_memcheck-amd64-linux.so)
==2166563==    by 0x109F38: _create (harness.c:52)
==2166563==    by 0x10A0D3: h_set_processes (harness.c:99)
==2166563==    by 0x10B293: start (start.c:50)
==2166563==    by 0x10AD02: main (main.c:68)
==2166563== 
==2166563== 16 bytes in 1 blocks are still reachable in loss record 4 of 16
==2166563==    at 0x483B7F3: malloc (in /usr/lib/x86_64-linux-gnu/valgrind/vgpreload_memcheck-amd64-linux.so)
==2166563==    by 0x109F66: _create (harness.c:55)
==2166563==    by 0x10A0D3: h_set_processes (harness.c:99)
==2166563==    by 0x10B293: start (start.c:50)
==2166563==    by 0x10AD02: main (main.c:68)
==2166563== 
==2166563== 24 bytes in 1 blocks are still reachable in loss record 5 of 16
==2166563==    at 0x483DD99: calloc (in /usr/lib/x86_64-linux-gnu/valgrind/vgpreload_memcheck-amd64-linux.so)
==2166563==    by 0x10CD81: create_job_scheduler (job_scheduler.c:91)
==2166563==    by 0x10B23C: start (start.c:44)
==2166563==    by 0x10AD02: main (main.c:68)
==2166563== 
==2166563== 24 bytes in 1 blocks are still reachable in loss record 6 of 16
==2166563==    at 0x483DD99: calloc (in /usr/lib/x86_64-linux-gnu/valgrind/vgpreload_memcheck-amd64-linux.so)
==2166563==    by 0x10B5B4: start (start.c:110)
==2166563==    by 0x10AD02: main (main.c:68)
==2166563== 
==2166563== 24 bytes in 1 blocks are still reachable in loss record 7 of 16
==2166563==    at 0x483B7F3: malloc (in /usr/lib/x86_64-linux-gnu/valgrind/vgpreload_memcheck-amd64-linux.so)
==2166563==    by 0x109D15: stats (scheduler.c:382)
==2166563==    by 0x10AD1A: main (main.c:71)
==2166563== 
==2166563== 64 bytes in 4 blocks are still reachable in loss record 8 of 16
==2166563==    at 0x483B7F3: malloc (in /usr/lib/x86_64-linux-gnu/valgrind/vgpreload_memcheck-amd64-linux.so)
==2166563==    by 0x10CBC1: js_enqueue (job_scheduler.c:33)
==2166563==    by 0x10CE6A: create_processes (job_scheduler.c:115)
==2166563==    by 0x10B27D: start (start.c:49)
==2166563==    by 0x10AD02: main (main.c:68)
==2166563== 
==2166563== 72 bytes in 3 blocks are still reachable in loss record 9 of 16
==2166563==    at 0x483DD99: calloc (in /usr/lib/x86_64-linux-gnu/valgrind/vgpreload_memcheck-amd64-linux.so)
==2166563==    by 0x10A261: save_usage (harness.c:140)
==2166563==    by 0x10A57D: harnessing (harness.c:201)
==2166563==    by 0x10D216: start_simulate (simulate.c:26)
==2166563==    by 0x10B5A5: start (start.c:106)
==2166563==    by 0x10AD02: main (main.c:68)
==2166563== 
==2166563== 72 bytes in 3 blocks are still reachable in loss record 10 of 16
==2166563==    at 0x483DD99: calloc (in /usr/lib/x86_64-linux-gnu/valgrind/vgpreload_memcheck-amd64-linux.so)
==2166563==    by 0x10A261: save_usage (harness.c:140)
==2166563==    by 0x10A45E: harnessing (harness.c:180)
==2166563==    by 0x10D216: start_simulate (simulate.c:26)
==2166563==    by 0x10B5A5: start (start.c:106)
==2166563==    by 0x10AD02: main (main.c:68)
==2166563== 
==2166563== 96 bytes in 1 blocks are still reachable in loss record 11 of 16
==2166563==    at 0x483DD99: calloc (in /usr/lib/x86_64-linux-gnu/valgrind/vgpreload_memcheck-amd64-linux.so)
==2166563==    by 0x10B5CA: start (start.c:111)
==2166563==    by 0x10AD02: main (main.c:68)
==2166563== 
==2166563== 96 bytes in 1 blocks are still reachable in loss record 12 of 16
==2166563==    at 0x483B7F3: malloc (in /usr/lib/x86_64-linux-gnu/valgrind/vgpreload_memcheck-amd64-linux.so)
==2166563==    by 0x109D4F: stats (scheduler.c:384)
==2166563==    by 0x10AD1A: main (main.c:71)
==2166563== 
==2166563== 96 bytes in 4 blocks are still reachable in loss record 13 of 16
==2166563==    at 0x483DD99: calloc (in /usr/lib/x86_64-linux-gnu/valgrind/vgpreload_memcheck-amd64-linux.so)
==2166563==    by 0x10A05F: _enqueue (harness.c:86)
==2166563==    by 0x10A11A: h_set_processes (harness.c:104)
==2166563==    by 0x10B293: start (start.c:50)
==2166563==    by 0x10AD02: main (main.c:68)
==2166563== 
==2166563== 160 bytes in 4 blocks are still reachable in loss record 14 of 16
==2166563==    at 0x483DD99: calloc (in /usr/lib/x86_64-linux-gnu/valgrind/vgpreload_memcheck-amd64-linux.so)
==2166563==    by 0x10E582: create_process (process.c:60)
==2166563==    by 0x10CE50: create_processes (job_scheduler.c:114)
==2166563==    by 0x10B27D: start (start.c:49)
==2166563==    by 0x10AD02: main (main.c:68)
==2166563== 
==2166563== 360 bytes in 15 blocks are still reachable in loss record 15 of 16
==2166563==    at 0x483DD99: calloc (in /usr/lib/x86_64-linux-gnu/valgrind/vgpreload_memcheck-amd64-linux.so)
==2166563==    by 0x10A261: save_usage (harness.c:140)
==2166563==    by 0x10A487: harnessing (harness.c:185)
==2166563==    by 0x10D216: start_simulate (simulate.c:26)
==2166563==    by 0x10B5A5: start (start.c:106)
==2166563==    by 0x10AD02: main (main.c:68)
==2166563== 
==2166563== 408 bytes in 17 blocks are still reachable in loss record 16 of 16
==2166563==    at 0x483DD99: calloc (in /usr/lib/x86_64-linux-gnu/valgrind/vgpreload_memcheck-amd64-linux.so)
==2166563==    by 0x10A261: save_usage (harness.c:140)
==2166563==    by 0x10A589: harnessing (harness.c:205)
==2166563==    by 0x10D216: start_simulate (simulate.c:26)
==2166563==    by 0x10B5A5: start (start.c:106)
==2166563==    by 0x10AD02: main (main.c:68)
==2166563== 
==2166563== LEAK SUMMARY:
==2166563==    definitely lost: 0 bytes in 0 blocks
==2166563==    indirectly lost: 0 bytes in 0 blocks
==2166563==      possibly lost: 0 bytes in 0 blocks
==2166563==    still reachable: 1,560 bytes in 59 blocks
==2166563==         suppressed: 0 bytes in 0 blocks
==2166563== 
==2166563== For lists of detected and suppressed errors, rerun with: -s
==2166563== ERROR SUMMARY: 0 errors from 0 contexts (suppressed: 0 from 0)
