** Random Test (9 tracks) **
CART  0 on Orange  track between junctions B and C
CART  1 on Green   track between junctions D and E
CART  2 on Black   track between junctions A and I
CART  5 on Indigo  track between junctions G and F
CART  4 on Green   track between junctions E and D
CART  6 on Black   track between junctions I and A
CART  7 on Orange  track between junctions B and C
CART 10 on Violet  track between junctions H and G
CART 17 on Blue    track between junctions E and F
CART 12 on Violet  track between junctions H and G
CART  9 on Black   track between junctions I and A
CART 16 on Yellow  track between junctions C and D
CART 15 on Blue    track between junctions E and F
CART 11 on Black   track between junctions A and I
CART  8 on Violet  track between junctions G and H
CART 14 on Yellow  track between junctions C and D
CART  3 on Orange  track between junctions C and B
CART 13 on Black   track between junctions A and I
PASS All carts crossed safely in 5.13 seconds
