==3537493== Memcheck, a memory error detector
==3537493== Copyright (C) 2002-2017, and GNU GPL'd, by Julian Seward et al.
==3537493== Using Valgrind-3.15.0 and LibVEX; rerun with -h for copyright info
==3537493== Command: ./manpage
==3537493== 
==3537493== 
==3537493== HEAP SUMMARY:
==3537493==     in use at exit: 0 bytes in 0 blocks
==3537493==   total heap usage: 8 allocs, 8 frees, 6,000 bytes allocated
==3537493== 
==3537493== All heap blocks were freed -- no leaks are possible
==3537493== 
==3537493== For lists of detected and suppressed errors, rerun with: -s
==3537493== ERROR SUMMARY: 0 errors from 0 contexts (suppressed: 0 from 0)
==3539490== Memcheck, a memory error detector
==3539490== Copyright (C) 2002-2017, and GNU GPL'd, by Julian Seward et al.
==3539490== Using Valgrind-3.15.0 and LibVEX; rerun with -h for copyright info
==3539490== Command: ./cartman -s
==3539490== 
==3539490== 
==3539490== HEAP SUMMARY:
==3539490==     in use at exit: 0 bytes in 0 blocks
==3539490==   total heap usage: 21 allocs, 21 frees, 17,774 bytes allocated
==3539490== 
==3539490== All heap blocks were freed -- no leaks are possible
==3539490== 
==3539490== For lists of detected and suppressed errors, rerun with: -s
==3539490== ERROR SUMMARY: 0 errors from 0 contexts (suppressed: 0 from 0)
