pager.c: In function ‘find_elem’:
pager.c:58:21: warning: initialization makes integer from pointer without a cast [-Wint-conversion]
    unsigned int v = queue_dequeue(q);
                     ^~~~~~~~~~~~~
pager.c:60:31: warning: passing argument 2 of ‘queue_enqueue’ makes pointer from integer without a cast [-Wint-conversion]
     queue_enqueue(temp_queue, v);
                               ^
In file included from pager.c:13:0:
queue.h:33:6: note: expected ‘void *’ but argument is of type ‘unsigned int’
 void queue_enqueue(void *queue, void *data);
      ^~~~~~~~~~~~~
pager.c:64:32: warning: passing argument 2 of ‘queue_enqueue’ makes pointer from integer without a cast [-Wint-conversion]
      queue_enqueue(temp_queue, v);
                                ^
In file included from pager.c:13:0:
queue.h:33:6: note: expected ‘void *’ but argument is of type ‘unsigned int’
 void queue_enqueue(void *queue, void *data);
      ^~~~~~~~~~~~~
pager.c:74:21: warning: initialization makes integer from pointer without a cast [-Wint-conversion]
    unsigned int v = queue_dequeue(temp_queue);
                     ^~~~~~~~~~~~~
pager.c:75:21: warning: passing argument 2 of ‘queue_enqueue’ makes pointer from integer without a cast [-Wint-conversion]
    queue_enqueue(q, v);
                     ^
In file included from pager.c:13:0:
queue.h:33:6: note: expected ‘void *’ but argument is of type ‘unsigned int’
 void queue_enqueue(void *queue, void *data);
      ^~~~~~~~~~~~~
pager.c: In function ‘pager_request’:
pager.c:165:26: warning: passing argument 2 of ‘queue_enqueue’ makes pointer from integer without a cast [-Wint-conversion]
     queue_enqueue(queue, page);
                          ^~~~
In file included from pager.c:13:0:
queue.h:33:6: note: expected ‘void *’ but argument is of type ‘unsigned int’
 void queue_enqueue(void *queue, void *data);
      ^~~~~~~~~~~~~
pager.c:167:11: warning: ‘return’ with a value, in function returning void
    return found;}
           ^~~~~
pager.c:153:6: note: declared here
 void pager_request(unsigned int page) {
      ^~~~~~~~~~~~~
pager.c:172:27: warning: initialization makes integer from pointer without a cast [-Wint-conversion]
       unsigned int temp = queue_dequeue(queue);
                           ^~~~~~~~~~~~~
pager.c:175:29: warning: passing argument 2 of ‘queue_enqueue’ makes pointer from integer without a cast [-Wint-conversion]
        queue_enqueue(queue, temp);
                             ^~~~
In file included from pager.c:13:0:
queue.h:33:6: note: expected ‘void *’ but argument is of type ‘unsigned int’
 void queue_enqueue(void *queue, void *data);
      ^~~~~~~~~~~~~
pager.c:176:13: warning: assignment makes integer from pointer without a cast [-Wint-conversion]
        temp = queue_dequeue(queue);}
             ^
pager.c:177:28: warning: passing argument 2 of ‘queue_enqueue’ makes pointer from integer without a cast [-Wint-conversion]
       queue_enqueue(queue, page);
                            ^~~~
In file included from pager.c:13:0:
queue.h:33:6: note: expected ‘void *’ but argument is of type ‘unsigned int’
 void queue_enqueue(void *queue, void *data);
      ^~~~~~~~~~~~~
pager.c:180:27: warning: initialization makes integer from pointer without a cast [-Wint-conversion]
       unsigned int temp = queue_dequeue(queue);
                           ^~~~~~~~~~~~~
pager.c:183:50: warning: passing argument 2 of ‘queue_enqueue’ makes pointer from integer without a cast [-Wint-conversion]
                             queue_enqueue(queue, temp);
                                                  ^~~~
In file included from pager.c:13:0:
queue.h:33:6: note: expected ‘void *’ but argument is of type ‘unsigned int’
 void queue_enqueue(void *queue, void *data);
      ^~~~~~~~~~~~~
pager.c:184:34: warning: assignment makes integer from pointer without a cast [-Wint-conversion]
                             temp = queue_dequeue(queue);}
                                  ^
pager.c:185:42: warning: passing argument 2 of ‘queue_enqueue’ makes pointer from integer without a cast [-Wint-conversion]
                     queue_enqueue(queue, page);
                                          ^~~~
In file included from pager.c:13:0:
queue.h:33:6: note: expected ‘void *’ but argument is of type ‘unsigned int’
 void queue_enqueue(void *queue, void *data);
      ^~~~~~~~~~~~~
pager.c:190:26: warning: passing argument 2 of ‘queue_enqueue’ makes pointer from integer without a cast [-Wint-conversion]
     queue_enqueue(queue, page);}}
                          ^~~~
In file included from pager.c:13:0:
queue.h:33:6: note: expected ‘void *’ but argument is of type ‘unsigned int’
 void queue_enqueue(void *queue, void *data);
      ^~~~~~~~~~~~~
pager.c:193:26: warning: passing argument 2 of ‘queue_enqueue’ makes pointer from integer without a cast [-Wint-conversion]
     queue_enqueue(queue, page);}}}
                          ^~~~
In file included from pager.c:13:0:
queue.h:33:6: note: expected ‘void *’ but argument is of type ‘unsigned int’
 void queue_enqueue(void *queue, void *data);
      ^~~~~~~~~~~~~
simulator.c:1:0: warning: ISO C forbids an empty translation unit [-Wpedantic]
